Field is Removed from List: https://edreams4-t.be.deloitte.com/Sites/3nfxhdg1/3nfxr6jn
Field is Removed from List: https://edreams4-t.be.deloitte.com/Sites/3nfxhdg1/3nfxr6jn
Field is Removed from List: https://edreams4-t.be.deloitte.com/Sites/3ny2s71i/3ny32ksg
Field is Removed from List: https://edreams4-t.be.deloitte.com/Sites/3q3l6ywf/3q3lsm9i
Field is Removed from List: https://edreams4-t.be.deloitte.com/Sites/3y8haqd0/3y8ht42f
Field is Removed from List: https://edreams4-t.be.deloitte.com/Sites/3ztvlidu/3ztw6mf5
Field is Removed from List: https://edreams4-t.be.deloitte.com/Sites/41uhipnk/41uhsx6l
Field is Removed from List: https://edreams4-t.be.deloitte.com/Sites/41vn1dpn/41vnbcjo
Field is Removed from List: https://edreams4-t.be.deloitte.com/Sites/439whnsc/439x1ln9
Field is Removed from List: https://edreams4-t.be.deloitte.com/Sites/45nctf1n/45nd2f2v
Field is Removed from List: https://edreams4-t.be.deloitte.com/Sites/45p4wlew/45p5cyq9
Field is Removed from List: https://edreams4-t.be.deloitte.com/Sites/47ufq7c7/47ugkjth
Field is Removed from List: https://edreams4-t.be.deloitte.com/Sites/47yn0krg/47ynlfw2
Field is Removed from List: https://edreams4-t.be.deloitte.com/Sites/47yo05ab/483uo2mt
Field is Removed from List: https://edreams4-t.be.deloitte.com/Sites/4843r4fn/48446vf6
Field is Removed from List: https://edreams4-t.be.deloitte.com/Sites/49ap386s/49apjha1
Field is Removed from List: https://edreams4-t.be.deloitte.com/Sites/49jwkp3j/49jx0sfo
Field is Removed from List: https://edreams4-t.be.deloitte.com/Sites/49xwph50/49xx8fzd
Field is Removed from List: https://edreams4-t.be.deloitte.com/Sites/4a6ggt1x/4a6h191b
Field is Removed from List: https://edreams4-t.be.deloitte.com/Sites/49xwph50/4ac6m37g
Field is Removed from List: https://edreams4-t.be.deloitte.com/Sites/4b675x4e/4b67ipvp
Field is Removed from List: https://edreams4-t.be.deloitte.com/Sites/4b7ulfta/4b7uzya1
Field is Removed from List: https://edreams4-t.be.deloitte.com/Sites/4bjalyom/4bjbayu8
Field is Removed from List: https://edreams4-t.be.deloitte.com/Sites/4bjamg54/4bjbdctb
Field is Removed from List: https://edreams4-t.be.deloitte.com/Sites/4bq9dlse/4bq9nwph
